Using pre-set license
Built from '2021.1/staging' branch; Version is '2021.1.18f1 (25bdc3efbc2d) revision 2473411'; Using compiler version '192528614'; Build Type 'Release'
OS: 'Windows 10 Pro; OS build 19043.1645; Version 2009; 64bit' Language: 'en' Physical Memory: 32683 MB
BatchMode: 1, IsHumanControllingUs: 0, StartBugReporterOnCrash: 0, Is64bit: 1, IsPro: 0

COMMAND LINE ARGUMENTS:
C:\Program Files\Unity\Hub\Editor\2021.1.18f1\Editor\Unity.exe
-adb2
-batchMode
-noUpm
-name
AssetImportWorker0
-projectPath
C:/Users/aaron/Desktop/University/4. Fourth Year/Portfolio/Portal
-logFile
Logs/AssetImportWorker0.log
-srvPort
50380
Successfully changed project path to: C:/Users/aaron/Desktop/University/4. Fourth Year/Portfolio/Portal
C:/Users/aaron/Desktop/University/4. Fourth Year/Portfolio/Portal
Using Asset Import Pipeline V2.
Refreshing native plugins compatible for Editor in 72.24 ms, found 3 plugins.
Preloading 0 native plugins for Editor in 0.00 ms.
Initialize engine version: 2021.1.18f1 (25bdc3efbc2d)
[Subsystems] Discovering subsystems at path C:/Program Files/Unity/Hub/Editor/2021.1.18f1/Editor/Data/Resources/UnitySubsystems
[Subsystems] Discovering subsystems at path C:/Users/aaron/Desktop/University/4. Fourth Year/Portfolio/Portal/Assets
GfxDevice: creating device client; threaded=0; jobified=0
Direct3D:
    Version:  Direct3D 11.0 [level 11.1]
    Renderer: NVIDIA GeForce RTX 2080 Ti (ID=0x1e07)
    Vendor:   NVIDIA
    VRAM:     11049 MB
    Driver:   30.0.14.9729
Initialize mono
Mono path[0] = 'C:/Program Files/Unity/Hub/Editor/2021.1.18f1/Editor/Data/Managed'
Mono path[1] = 'C:/Program Files/Unity/Hub/Editor/2021.1.18f1/Editor/Data/MonoBleedingEdge/lib/mono/unityjit'
Mono config path = 'C:/Program Files/Unity/Hub/Editor/2021.1.18f1/Editor/Data/MonoBleedingEdge/etc'
Using monoOptions --debugger-agent=transport=dt_socket,embedding=1,server=y,suspend=n,address=127.0.0.1:56424
Begin MonoManager ReloadAssembly
Registering precompiled unity dll's ...
Register platform support module: C:/Program Files/Unity/Hub/Editor/2021.1.18f1/Editor/Data/PlaybackEngines/WebGLSupport/UnityEditor.WebGL.Extensions.dll
Register platform support module: C:/Program Files/Unity/Hub/Editor/2021.1.18f1/Editor/Data/PlaybackEngines/WindowsStandaloneSupport/UnityEditor.WindowsStandalone.Extensions.dll
Registered in 0.002144 seconds.
Native extension for WindowsStandalone target not found
Native extension for WebGL target not found
Refreshing native plugins compatible for Editor in 72.02 ms, found 3 plugins.
Preloading 0 native plugins for Editor in 0.00 ms.
Mono: successfully reloaded assembly
- Completed reload, in  1.055 seconds
Domain Reload Profiling:
	ReloadAssembly (1055ms)
		BeginReloadAssembly (57ms)
			ExecutionOrderSort (0ms)
			DisableScriptedObjects (0ms)
			BackupInstance (0ms)
			ReleaseScriptingObjects (0ms)
			CreateAndSetChildDomain (1ms)
		EndReloadAssembly (402ms)
			LoadAssemblies (55ms)
			RebuildTransferFunctionScriptingTraits (0ms)
			SetupTypeCache (142ms)
			ReleaseScriptCaches (0ms)
			RebuildScriptCaches (26ms)
			SetupLoadedEditorAssemblies (193ms)
				LogAssemblyErrors (0ms)
				InitializePlatformSupportModulesInManaged (6ms)
				SetLoadedEditorAssemblies (0ms)
				RefreshPlugins (72ms)
				BeforeProcessingInitializeOnLoad (1ms)
				ProcessInitializeOnLoadAttributes (87ms)
				ProcessInitializeOnLoadMethodAttributes (26ms)
				AfterProcessingInitializeOnLoad (0ms)
				EditorAssembliesLoaded (0ms)
			ExecutionOrderSort2 (0ms)
			AwakeInstancesAfterBackupRestoration (0ms)
Platform modules already initialized, skipping
Registering precompiled user dll's ...
Registered in 0.005026 seconds.
Begin MonoManager ReloadAssembly
Symbol file LoadedFromMemory doesn't match image C:\Users\aaron\Desktop\University\4. Fourth Year\Portfolio\Portal\Library\PackageCache\com.unity.visualscripting@1.6.1\Editor\VisualScripting.Core\Dependencies\YamlDotNet\Unity.VisualScripting.YamlDotNet.dll
Symbol file LoadedFromMemory doesn't match image C:\Users\aaron\Desktop\University\4. Fourth Year\Portfolio\Portal\Library\PackageCache\com.unity.visualscripting@1.6.1\Editor\VisualScripting.Core\Dependencies\DotNetZip\Unity.VisualScripting.IonicZip.dll
Native extension for WindowsStandalone target not found
Native extension for WebGL target not found
Refreshing native plugins compatible for Editor in 0.49 ms, found 3 plugins.
Preloading 0 native plugins for Editor in 0.00 ms.
Mono: successfully reloaded assembly
- Completed reload, in  1.006 seconds
Domain Reload Profiling:
	ReloadAssembly (1006ms)
		BeginReloadAssembly (136ms)
			ExecutionOrderSort (0ms)
			DisableScriptedObjects (4ms)
			BackupInstance (0ms)
			ReleaseScriptingObjects (0ms)
			CreateAndSetChildDomain (16ms)
		EndReloadAssembly (818ms)
			LoadAssemblies (84ms)
			RebuildTransferFunctionScriptingTraits (0ms)
			SetupTypeCache (289ms)
			ReleaseScriptCaches (0ms)
			RebuildScriptCaches (39ms)
			SetupLoadedEditorAssemblies (335ms)
				LogAssemblyErrors (0ms)
				InitializePlatformSupportModulesInManaged (5ms)
				SetLoadedEditorAssemblies (0ms)
				RefreshPlugins (1ms)
				BeforeProcessingInitializeOnLoad (61ms)
				ProcessInitializeOnLoadAttributes (256ms)
				ProcessInitializeOnLoadMethodAttributes (4ms)
				AfterProcessingInitializeOnLoad (7ms)
				EditorAssembliesLoaded (0ms)
			ExecutionOrderSort2 (0ms)
			AwakeInstancesAfterBackupRestoration (6ms)
Platform modules already initialized, skipping
========================================================================
Worker process is ready to serve import requests
Launched and connected shader compiler UnityShaderCompiler.exe after 0.03 seconds
Refreshing native plugins compatible for Editor in 0.58 ms, found 3 plugins.
Preloading 0 native plugins for Editor in 0.00 ms.
Unloading 2973 Unused Serialized files (Serialized files now loaded: 0)
System memory in use before: 196.3 MB.
System memory in use after: 196.5 MB.

Unloading 22 unused Assets to reduce memory usage. Loaded Objects now: 3449.
Total: 3.443800 ms (FindLiveObjects: 0.298900 ms CreateObjectMapping: 0.192400 ms MarkObjects: 2.853000 ms  DeleteObjects: 0.098000 ms)

AssetImportParameters requested are different than current active one (requested -> active):
  custom:framework-win-MediaFoundation: 216162199b28c13a410421893ffa2e32 -> 
  custom:video-decoder-ogg-theora: a1e56fd34408186e4bbccfd4996cb3dc -> 
  custom:container-muxer-webm: aa71ff27fc2769a1b78a27578f13a17b -> 
  custom:container-demuxer-webm: 4f35f7cbe854078d1ac9338744f61a02 -> 
  custom:container-demuxer-ogg: 62fdf1f143b41e24485cea50d1cbac27 -> 
  custom:video-encoder-webm-vp8: eb34c28f22e8b96e1ab97ce403110664 -> 
  custom:video-decoder-webm-vp8: 9c59270c3fd7afecdb556c50c9e8de78 -> 
  custom:audio-decoder-ogg-vorbis: bf7c407c2cedff20999df2af8eb42d56 -> 
  custom:audio-encoder-webm-vorbis: bf7c407c2cedff20999df2af8eb42d56 -> 
========================================================================
Received Import Request.
  path: Assets/Prefabs/Rocks/Cube.prefab
  artifactKey: Guid(ca983ca6a4391f446b3e1a1af66a7023) Importer(815301076,1909f56bfc062723c751e8b465ee728b)
Start importing Assets/Prefabs/Rocks/Cube.prefab using Guid(ca983ca6a4391f446b3e1a1af66a7023) Importer(815301076,1909f56bfc062723c751e8b465ee728b)  -> (artifact id: '14ad85a80990d954c3828ac9c6bcf61a') in 0.079116 seconds 
========================================================================
Received Import Request.
  Time since last request: 0.000144 seconds.
  path: Assets/Prefabs/Rocks/MoonRock4.prefab
  artifactKey: Guid(655383c0e536d50469f55d0c97588139) Importer(815301076,1909f56bfc062723c751e8b465ee728b)
Start importing Assets/Prefabs/Rocks/MoonRock4.prefab using Guid(655383c0e536d50469f55d0c97588139) Importer(815301076,1909f56bfc062723c751e8b465ee728b)  -> (artifact id: 'e202947cae02ffad35e961ca4c068952') in 0.007641 seconds 
========================================================================
Received Import Request.
  Time since last request: 0.000267 seconds.
  path: Assets/Prefabs/Rocks/EarthRock1.prefab
  artifactKey: Guid(922047c5055b57447acdb89e12a1f22c) Importer(815301076,1909f56bfc062723c751e8b465ee728b)
Start importing Assets/Prefabs/Rocks/EarthRock1.prefab using Guid(922047c5055b57447acdb89e12a1f22c) Importer(815301076,1909f56bfc062723c751e8b465ee728b)  -> (artifact id: 'be8ee217e709cb1c8035a89ea2830f2d') in 0.007428 seconds 
========================================================================
Received Import Request.
  Time since last request: 0.000215 seconds.
  path: Assets/Prefabs/Rocks/VenusRock2.prefab
  artifactKey: Guid(3a13037b316a2ed4494e33dca59aa0e5) Importer(815301076,1909f56bfc062723c751e8b465ee728b)
Start importing Assets/Prefabs/Rocks/VenusRock2.prefab using Guid(3a13037b316a2ed4494e33dca59aa0e5) Importer(815301076,1909f56bfc062723c751e8b465ee728b)  -> (artifact id: '1202ca74c5db22ff78bdbb75b949ee54') in 0.006807 seconds 
========================================================================
Received Import Request.
  Time since last request: 0.000208 seconds.
  path: Assets/Prefabs/Rocks/StationRock3.prefab
  artifactKey: Guid(c6316d6f41ad62347a53dc45ee07e8ed) Importer(815301076,1909f56bfc062723c751e8b465ee728b)
Start importing Assets/Prefabs/Rocks/StationRock3.prefab using Guid(c6316d6f41ad62347a53dc45ee07e8ed) Importer(815301076,1909f56bfc062723c751e8b465ee728b)  -> (artifact id: '4e47c86dffcf1f6d603204ca4363ac14') in 0.006485 seconds 
========================================================================
Received Import Request.
  Time since last request: 0.000207 seconds.
  path: Assets/Prefabs/Rocks/VenusRock3.prefab
  artifactKey: Guid(5310a7daed44f0e43813b41ff419fdb9) Importer(815301076,1909f56bfc062723c751e8b465ee728b)
Start importing Assets/Prefabs/Rocks/VenusRock3.prefab using Guid(5310a7daed44f0e43813b41ff419fdb9) Importer(815301076,1909f56bfc062723c751e8b465ee728b)  -> (artifact id: '3cb11117424f2c735af1a1fae1a99dd4') in 0.007144 seconds 
========================================================================
Received Import Request.
  Time since last request: 0.000195 seconds.
  path: Assets/Prefabs/Rocks/VenusRock1.prefab
  artifactKey: Guid(a541d36fbbccbf946b097de48970569b) Importer(815301076,1909f56bfc062723c751e8b465ee728b)
Start importing Assets/Prefabs/Rocks/VenusRock1.prefab using Guid(a541d36fbbccbf946b097de48970569b) Importer(815301076,1909f56bfc062723c751e8b465ee728b)  -> (artifact id: '0f70a33b3e24d2b79ae56c5e7f644105') in 0.007248 seconds 
========================================================================
Received Import Request.
  Time since last request: 0.000284 seconds.
  path: Assets/Prefabs/Rocks/MoonRock3.prefab
  artifactKey: Guid(fb779f25dcae78e448d7cedb0e278792) Importer(815301076,1909f56bfc062723c751e8b465ee728b)
Start importing Assets/Prefabs/Rocks/MoonRock3.prefab using Guid(fb779f25dcae78e448d7cedb0e278792) Importer(815301076,1909f56bfc062723c751e8b465ee728b)  -> (artifact id: '424ae0709f54e3456eb8a0f1318bf883') in 0.006941 seconds 
========================================================================
Received Import Request.
  Time since last request: 0.000325 seconds.
  path: Assets/Prefabs/Rocks/VenusRock4.prefab
  artifactKey: Guid(aed3c8e8d9b6ccd4e8fa6081fab3911a) Importer(815301076,1909f56bfc062723c751e8b465ee728b)
Start importing Assets/Prefabs/Rocks/VenusRock4.prefab using Guid(aed3c8e8d9b6ccd4e8fa6081fab3911a) Importer(815301076,1909f56bfc062723c751e8b465ee728b)  -> (artifact id: '7f3719f86a79f601d5b576e99ff8258f') in 0.006872 seconds 
========================================================================
Received Import Request.
  Time since last request: 0.000221 seconds.
  path: Assets/Prefabs/Rocks/EarthRock4.prefab
  artifactKey: Guid(95053eaae68993945b0e2c87f2d7c52b) Importer(815301076,1909f56bfc062723c751e8b465ee728b)
Start importing Assets/Prefabs/Rocks/EarthRock4.prefab using Guid(95053eaae68993945b0e2c87f2d7c52b) Importer(815301076,1909f56bfc062723c751e8b465ee728b)  -> (artifact id: '91b929c36f0a509ea001de862b9494b9') in 0.008243 seconds 
========================================================================
Received Import Request.
  Time since last request: 0.000277 seconds.
  path: Assets/Prefabs/Rocks/MoonRock.prefab
  artifactKey: Guid(e5da72eaaee04d44babe73c7003545bb) Importer(815301076,1909f56bfc062723c751e8b465ee728b)
Start importing Assets/Prefabs/Rocks/MoonRock.prefab using Guid(e5da72eaaee04d44babe73c7003545bb) Importer(815301076,1909f56bfc062723c751e8b465ee728b)  -> (artifact id: '2189044fbb365284eb35b46864eb72b2') in 0.005858 seconds 
========================================================================
Received Import Request.
  Time since last request: 0.000282 seconds.
  path: Assets/Prefabs/Rocks/EarthRock3.prefab
  artifactKey: Guid(a33e8722d49877f49acc0e9529550317) Importer(815301076,1909f56bfc062723c751e8b465ee728b)
Start importing Assets/Prefabs/Rocks/EarthRock3.prefab using Guid(a33e8722d49877f49acc0e9529550317) Importer(815301076,1909f56bfc062723c751e8b465ee728b)  -> (artifact id: '8fa8927c30f780ce3a89ae3cbad9981a') in 0.008958 seconds 
========================================================================
Received Import Request.
  Time since last request: 0.000231 seconds.
  path: Assets/Prefabs/Rocks/MoonRock2.prefab
  artifactKey: Guid(3ff06f2066048d1458cfca3c3a14d8c2) Importer(815301076,1909f56bfc062723c751e8b465ee728b)
Start importing Assets/Prefabs/Rocks/MoonRock2.prefab using Guid(3ff06f2066048d1458cfca3c3a14d8c2) Importer(815301076,1909f56bfc062723c751e8b465ee728b)  -> (artifact id: 'b3fd376c6a3ea8e490408616ce002f18') in 0.007134 seconds 
========================================================================
Received Import Request.
  Time since last request: 0.000276 seconds.
  path: Assets/Prefabs/Rocks/StationRock4.prefab
  artifactKey: Guid(253f34df1bfd6cc45ae54900fd0da118) Importer(815301076,1909f56bfc062723c751e8b465ee728b)
Start importing Assets/Prefabs/Rocks/StationRock4.prefab using Guid(253f34df1bfd6cc45ae54900fd0da118) Importer(815301076,1909f56bfc062723c751e8b465ee728b)  -> (artifact id: '9668ca6d5bd7c732cc5bd113e8745846') in 0.007520 seconds 
========================================================================
Received Import Request.
  Time since last request: 0.000207 seconds.
  path: Assets/Prefabs/Rocks
  artifactKey: Guid(c503b4f9c27440c4891eac8a3d0b4942) Importer(815301076,1909f56bfc062723c751e8b465ee728b)
Start importing Assets/Prefabs/Rocks using Guid(c503b4f9c27440c4891eac8a3d0b4942) Importer(815301076,1909f56bfc062723c751e8b465ee728b)  -> (artifact id: '0ee0b743e549d01d05cd038b22c83283') in 0.001571 seconds 
========================================================================
Received Import Request.
  Time since last request: 0.000229 seconds.
  path: Assets/Prefabs/Rocks/Asteroid.prefab
  artifactKey: Guid(a5860466015832543989b02e42be02a9) Importer(815301076,1909f56bfc062723c751e8b465ee728b)
Start importing Assets/Prefabs/Rocks/Asteroid.prefab using Guid(a5860466015832543989b02e42be02a9) Importer(815301076,1909f56bfc062723c751e8b465ee728b)  -> (artifact id: '05eeabf928300b99750b3206c63218e9') in 0.009748 seconds 
========================================================================
Received Import Request.
  Time since last request: 0.000225 seconds.
  path: Assets/Prefabs/Rocks/StationRock1.prefab
  artifactKey: Guid(ddb3e285f7371f94b9f873b79ce1186d) Importer(815301076,1909f56bfc062723c751e8b465ee728b)
Start importing Assets/Prefabs/Rocks/StationRock1.prefab using Guid(ddb3e285f7371f94b9f873b79ce1186d) Importer(815301076,1909f56bfc062723c751e8b465ee728b)  -> (artifact id: 'e338322f9309fbbad27dbc35f9f627f4') in 0.011281 seconds 
========================================================================
Received Import Request.
  Time since last request: 0.000183 seconds.
  path: Assets/Prefabs/Rocks/StationRock2.prefab
  artifactKey: Guid(56baf655600086948aa1d1d88c3d6cc1) Importer(815301076,1909f56bfc062723c751e8b465ee728b)
Start importing Assets/Prefabs/Rocks/StationRock2.prefab using Guid(56baf655600086948aa1d1d88c3d6cc1) Importer(815301076,1909f56bfc062723c751e8b465ee728b)  -> (artifact id: '64bee55a08f85a0a8962263fab5fa023') in 0.005992 seconds 
========================================================================
Received Import Request.
  Time since last request: 0.000246 seconds.
  path: Assets/Prefabs/Rocks/EarthRock2.prefab
  artifactKey: Guid(e70f6682f993f11409d4e055af6c1041) Importer(815301076,1909f56bfc062723c751e8b465ee728b)
Start importing Assets/Prefabs/Rocks/EarthRock2.prefab using Guid(e70f6682f993f11409d4e055af6c1041) Importer(815301076,1909f56bfc062723c751e8b465ee728b)  -> (artifact id: '0ffdb61448060428b0da81791fcfd232') in 0.009039 seconds 
========================================================================
Received Import Request.
  Time since last request: 0.000282 seconds.
  path: Assets/Prefabs/Rocks/MoonRock1.prefab
  artifactKey: Guid(a17737aba651a1640b537220d009734c) Importer(815301076,1909f56bfc062723c751e8b465ee728b)
Start importing Assets/Prefabs/Rocks/MoonRock1.prefab using Guid(a17737aba651a1640b537220d009734c) Importer(815301076,1909f56bfc062723c751e8b465ee728b)  -> (artifact id: '9838b7219fb9e5027b8cfa17089a487a') in 0.007284 seconds 
========================================================================
Received Import Request.
  Time since last request: 10.024084 seconds.
  path: Assets/Prefabs/Rocks/EarthRock1.prefab
  artifactKey: Guid(922047c5055b57447acdb89e12a1f22c) Importer(815301076,1909f56bfc062723c751e8b465ee728b)
Start importing Assets/Prefabs/Rocks/EarthRock1.prefab using Guid(922047c5055b57447acdb89e12a1f22c) Importer(815301076,1909f56bfc062723c751e8b465ee728b)  -> (artifact id: '6300f98bf86a25ef45553bcb08ea9605') in 0.009487 seconds 
========================================================================
Received Import Request.
  Time since last request: 0.000231 seconds.
  path: Assets/Prefabs/Rocks/MoonRock4.prefab
  artifactKey: Guid(655383c0e536d50469f55d0c97588139) Importer(815301076,1909f56bfc062723c751e8b465ee728b)
Start importing Assets/Prefabs/Rocks/MoonRock4.prefab using Guid(655383c0e536d50469f55d0c97588139) Importer(815301076,1909f56bfc062723c751e8b465ee728b)  -> (artifact id: '42d5e91f68a2814779627a32bf045c3c') in 0.005843 seconds 
========================================================================
Received Import Request.
  Time since last request: 0.000209 seconds.
  path: Assets/Prefabs/Rocks/VenusRock2.prefab
  artifactKey: Guid(3a13037b316a2ed4494e33dca59aa0e5) Importer(815301076,1909f56bfc062723c751e8b465ee728b)
Start importing Assets/Prefabs/Rocks/VenusRock2.prefab using Guid(3a13037b316a2ed4494e33dca59aa0e5) Importer(815301076,1909f56bfc062723c751e8b465ee728b)  -> (artifact id: '6b2381fbddbf545b344fc6fac09aee9c') in 0.006209 seconds 
========================================================================
Received Import Request.
  Time since last request: 0.000215 seconds.
  path: Assets/Prefabs/Rocks/StationRock3.prefab
  artifactKey: Guid(c6316d6f41ad62347a53dc45ee07e8ed) Importer(815301076,1909f56bfc062723c751e8b465ee728b)
Start importing Assets/Prefabs/Rocks/StationRock3.prefab using Guid(c6316d6f41ad62347a53dc45ee07e8ed) Importer(815301076,1909f56bfc062723c751e8b465ee728b)  -> (artifact id: '668e40f5d8b9d4a91a0e8c2c63ee0267') in 0.013899 seconds 
========================================================================
Received Import Request.
  Time since last request: 0.000179 seconds.
  path: Assets/Prefabs/Rocks/VenusRock3.prefab
  artifactKey: Guid(5310a7daed44f0e43813b41ff419fdb9) Importer(815301076,1909f56bfc062723c751e8b465ee728b)
Start importing Assets/Prefabs/Rocks/VenusRock3.prefab using Guid(5310a7daed44f0e43813b41ff419fdb9) Importer(815301076,1909f56bfc062723c751e8b465ee728b)  -> (artifact id: '13b43f18a2bc1309b34aa1a4f68f5b66') in 0.011512 seconds 
========================================================================
Received Import Request.
  Time since last request: 0.000208 seconds.
  path: Assets/Prefabs/Rocks/VenusRock1.prefab
  artifactKey: Guid(a541d36fbbccbf946b097de48970569b) Importer(815301076,1909f56bfc062723c751e8b465ee728b)
Start importing Assets/Prefabs/Rocks/VenusRock1.prefab using Guid(a541d36fbbccbf946b097de48970569b) Importer(815301076,1909f56bfc062723c751e8b465ee728b)  -> (artifact id: '37df1a28d207eea5efe3fcdfb06e238f') in 0.008949 seconds 
========================================================================
Received Import Request.
  Time since last request: 0.000176 seconds.
  path: Assets/Prefabs/Rocks/MoonRock3.prefab
  artifactKey: Guid(fb779f25dcae78e448d7cedb0e278792) Importer(815301076,1909f56bfc062723c751e8b465ee728b)
Start importing Assets/Prefabs/Rocks/MoonRock3.prefab using Guid(fb779f25dcae78e448d7cedb0e278792) Importer(815301076,1909f56bfc062723c751e8b465ee728b)  -> (artifact id: '46ec7b998808a9469b68b35761cc5f7d') in 0.012165 seconds 
========================================================================
Received Import Request.
  Time since last request: 0.000218 seconds.
  path: Assets/Prefabs/Rocks/VenusRock4.prefab
  artifactKey: Guid(aed3c8e8d9b6ccd4e8fa6081fab3911a) Importer(815301076,1909f56bfc062723c751e8b465ee728b)
Start importing Assets/Prefabs/Rocks/VenusRock4.prefab using Guid(aed3c8e8d9b6ccd4e8fa6081fab3911a) Importer(815301076,1909f56bfc062723c751e8b465ee728b)  -> (artifact id: '3c93631d01cc3eabffeff5baf51735cf') in 0.020080 seconds 
========================================================================
Received Import Request.
  Time since last request: 0.000201 seconds.
  path: Assets/Prefabs/Rocks/EarthRock4.prefab
  artifactKey: Guid(95053eaae68993945b0e2c87f2d7c52b) Importer(815301076,1909f56bfc062723c751e8b465ee728b)
Start importing Assets/Prefabs/Rocks/EarthRock4.prefab using Guid(95053eaae68993945b0e2c87f2d7c52b) Importer(815301076,1909f56bfc062723c751e8b465ee728b)  -> (artifact id: '51882f36f7e983427094bb4dc1fee156') in 0.046897 seconds 
========================================================================
Received Import Request.
  Time since last request: 0.000252 seconds.
  path: Assets/Prefabs/Rocks/EarthRock3.prefab
  artifactKey: Guid(a33e8722d49877f49acc0e9529550317) Importer(815301076,1909f56bfc062723c751e8b465ee728b)
Start importing Assets/Prefabs/Rocks/EarthRock3.prefab using Guid(a33e8722d49877f49acc0e9529550317) Importer(815301076,1909f56bfc062723c751e8b465ee728b)  -> (artifact id: '17979f94ae1b3882a4b9c655c0a62141') in 0.007288 seconds 
========================================================================
Received Import Request.
  Time since last request: 0.000229 seconds.
  path: Assets/Prefabs/Rocks/MoonRock2.prefab
  artifactKey: Guid(3ff06f2066048d1458cfca3c3a14d8c2) Importer(815301076,1909f56bfc062723c751e8b465ee728b)
Start importing Assets/Prefabs/Rocks/MoonRock2.prefab using Guid(3ff06f2066048d1458cfca3c3a14d8c2) Importer(815301076,1909f56bfc062723c751e8b465ee728b)  -> (artifact id: '13e4dbf276ba49aa65e0647e293c51e8') in 0.012792 seconds 
========================================================================
Received Import Request.
  Time since last request: 0.000274 seconds.
  path: Assets/Prefabs/Rocks/StationRock4.prefab
  artifactKey: Guid(253f34df1bfd6cc45ae54900fd0da118) Importer(815301076,1909f56bfc062723c751e8b465ee728b)
Start importing Assets/Prefabs/Rocks/StationRock4.prefab using Guid(253f34df1bfd6cc45ae54900fd0da118) Importer(815301076,1909f56bfc062723c751e8b465ee728b)  -> (artifact id: '7ac135cb346ad1e07816f1226f84b89e') in 0.011305 seconds 
========================================================================
Received Import Request.
  Time since last request: 0.000177 seconds.
  path: Assets/Prefabs/Rocks/StationRock2.prefab
  artifactKey: Guid(56baf655600086948aa1d1d88c3d6cc1) Importer(815301076,1909f56bfc062723c751e8b465ee728b)
Start importing Assets/Prefabs/Rocks/StationRock2.prefab using Guid(56baf655600086948aa1d1d88c3d6cc1) Importer(815301076,1909f56bfc062723c751e8b465ee728b)  -> (artifact id: 'd43e059b5ae883373e206e69896a69a8') in 0.030338 seconds 
========================================================================
Received Import Request.
  Time since last request: 0.000261 seconds.
  path: Assets/Prefabs/Rocks/StationRock1.prefab
  artifactKey: Guid(ddb3e285f7371f94b9f873b79ce1186d) Importer(815301076,1909f56bfc062723c751e8b465ee728b)
Start importing Assets/Prefabs/Rocks/StationRock1.prefab using Guid(ddb3e285f7371f94b9f873b79ce1186d) Importer(815301076,1909f56bfc062723c751e8b465ee728b)  -> (artifact id: 'd2e778d4b8d517e4cc50a5063f423888') in 0.005567 seconds 
========================================================================
Received Import Request.
  Time since last request: 0.000254 seconds.
  path: Assets/Prefabs/Rocks/EarthRock2.prefab
  artifactKey: Guid(e70f6682f993f11409d4e055af6c1041) Importer(815301076,1909f56bfc062723c751e8b465ee728b)
Start importing Assets/Prefabs/Rocks/EarthRock2.prefab using Guid(e70f6682f993f11409d4e055af6c1041) Importer(815301076,1909f56bfc062723c751e8b465ee728b)  -> (artifact id: '70e9db70a007c49ba6147b8027dae7bd') in 0.006173 seconds 
========================================================================
Received Import Request.
  Time since last request: 0.000237 seconds.
  path: Assets/Prefabs/Rocks/MoonRock1.prefab
  artifactKey: Guid(a17737aba651a1640b537220d009734c) Importer(815301076,1909f56bfc062723c751e8b465ee728b)
Start importing Assets/Prefabs/Rocks/MoonRock1.prefab using Guid(a17737aba651a1640b537220d009734c) Importer(815301076,1909f56bfc062723c751e8b465ee728b)  -> (artifact id: '75b5f5889ea3a0054e7d443786fcb0b7') in 0.005498 seconds 
========================================================================
Received Prepare
Registering precompiled user dll's ...
Registered in 0.004669 seconds.
Begin MonoManager ReloadAssembly
Symbol file LoadedFromMemory doesn't match image C:\Users\aaron\Desktop\University\4. Fourth Year\Portfolio\Portal\Library\PackageCache\com.unity.visualscripting@1.6.1\Editor\VisualScripting.Core\Dependencies\YamlDotNet\Unity.VisualScripting.YamlDotNet.dll
Symbol file LoadedFromMemory doesn't match image C:\Users\aaron\Desktop\University\4. Fourth Year\Portfolio\Portal\Library\PackageCache\com.unity.visualscripting@1.6.1\Editor\VisualScripting.Core\Dependencies\DotNetZip\Unity.VisualScripting.IonicZip.dll
Native extension for WindowsStandalone target not found
Native extension for WebGL target not found
Refreshing native plugins compatible for Editor in 0.60 ms, found 3 plugins.
Preloading 0 native plugins for Editor in 0.00 ms.
Mono: successfully reloaded assembly
- Completed reload, in  0.968 seconds
Domain Reload Profiling:
	ReloadAssembly (968ms)
		BeginReloadAssembly (117ms)
			ExecutionOrderSort (0ms)
			DisableScriptedObjects (4ms)
			BackupInstance (0ms)
			ReleaseScriptingObjects (0ms)
			CreateAndSetChildDomain (30ms)
		EndReloadAssembly (799ms)
			LoadAssemblies (84ms)
			RebuildTransferFunctionScriptingTraits (0ms)
			SetupTypeCache (282ms)
			ReleaseScriptCaches (1ms)
			RebuildScriptCaches (33ms)
			SetupLoadedEditorAssemblies (310ms)
				LogAssemblyErrors (0ms)
				InitializePlatformSupportModulesInManaged (7ms)
				SetLoadedEditorAssemblies (0ms)
				RefreshPlugins (1ms)
				BeforeProcessingInitializeOnLoad (50ms)
				ProcessInitializeOnLoadAttributes (242ms)
				ProcessInitializeOnLoadMethodAttributes (3ms)
				AfterProcessingInitializeOnLoad (6ms)
				EditorAssembliesLoaded (0ms)
			ExecutionOrderSort2 (0ms)
			AwakeInstancesAfterBackupRestoration (7ms)
Platform modules already initialized, skipping
Refreshing native plugins compatible for Editor in 0.47 ms, found 3 plugins.
Preloading 0 native plugins for Editor in 0.00 ms.
Unloading 2963 Unused Serialized files (Serialized files now loaded: 0)
System memory in use before: 199.5 MB.
System memory in use after: 199.7 MB.

Unloading 17 unused Assets to reduce memory usage. Loaded Objects now: 3459.
Total: 2.443200 ms (FindLiveObjects: 0.168700 ms CreateObjectMapping: 0.100900 ms MarkObjects: 2.160600 ms  DeleteObjects: 0.012200 ms)

AssetImportParameters requested are different than current active one (requested -> active):
  custom:framework-win-MediaFoundation: 216162199b28c13a410421893ffa2e32 -> 
  custom:video-decoder-ogg-theora: a1e56fd34408186e4bbccfd4996cb3dc -> 
  custom:container-muxer-webm: aa71ff27fc2769a1b78a27578f13a17b -> 
  custom:container-demuxer-webm: 4f35f7cbe854078d1ac9338744f61a02 -> 
  custom:container-demuxer-ogg: 62fdf1f143b41e24485cea50d1cbac27 -> 
  custom:video-encoder-webm-vp8: eb34c28f22e8b96e1ab97ce403110664 -> 
  custom:video-decoder-webm-vp8: 9c59270c3fd7afecdb556c50c9e8de78 -> 
  custom:audio-decoder-ogg-vorbis: bf7c407c2cedff20999df2af8eb42d56 -> 
  custom:audio-encoder-webm-vorbis: bf7c407c2cedff20999df2af8eb42d56 -> 
AssetImportWorkerClient::OnTransportError - code=2 error=End of file
